<?xml version="1.0" encoding="UTF-8"?>
<!-- Generated by org.testng.reporters.JUnitReportReporter -->
<testsuite hostname="LAPTOP-0GD69QRF" failures="0" tests="1" name="testCasesMedium.ShoppingCarTestCaseMedium" time="3.545" errors="0" timestamp="2025-06-08T12:39:19 CDT" skipped="0">
  <testcase classname="testCasesMedium.ShoppingCarTestCaseMedium" name="openCart" time="3.545"/>
</testsuite> <!-- testCasesMedium.ShoppingCarTestCaseMedium -->
