<?xml version="1.0" encoding="UTF-8"?>
<!-- Generated by org.testng.reporters.JUnitReportReporter -->
<testsuite hostname="LAPTOP-0GD69QRF" failures="0" tests="1" name="testCasesMedium.HomePageTestCase" time="0.335" errors="0" timestamp="2025-06-08T12:33:33 CDT" skipped="0">
  <testcase classname="testCasesMedium.HomePageTestCase" name="verifyHPandClickOnLink" time="0.335"/>
</testsuite> <!-- testCasesMedium.HomePageTestCase -->
